c:\users\gerry\desktop\programming\data_structure\hw3\111701031_黃浚瑀\111701031_黃浚瑀\x64\debug\111701031_黃浚瑀.pch
c:\users\gerry\desktop\programming\data_structure\hw3\111701031_黃浚瑀\111701031_黃浚瑀\x64\debug\vc143.pdb
c:\users\gerry\desktop\programming\data_structure\hw3\111701031_黃浚瑀\111701031_黃浚瑀\x64\debug\pch.obj
c:\users\gerry\desktop\programming\data_structure\hw3\111701031_黃浚瑀\111701031_黃浚瑀\x64\debug\form1.obj
c:\users\gerry\desktop\programming\data_structure\hw3\111701031_黃浚瑀\111701031_黃浚瑀\x64\debug\cppclr_winformsproject.obj
c:\users\gerry\desktop\programming\data_structure\hw3\111701031_黃浚瑀\111701031_黃浚瑀\x64\debug\assemblyinfo.obj
c:\users\gerry\desktop\programming\data_structure\hw3\111701031_黃浚瑀\111701031_黃浚瑀\x64\debug\.netframework,version=v4.7.2.assemblyattributes.obj
c:\users\gerry\desktop\programming\data_structure\hw3\111701031_黃浚瑀\x64\debug\111701031_黃浚瑀.exe
c:\users\gerry\desktop\programming\data_structure\hw3\111701031_黃浚瑀\x64\debug\111701031_黃浚瑀.pdb
c:\users\gerry\desktop\programming\data_structure\hw3\111701031_黃浚瑀\111701031_黃浚瑀\x64\debug\app.res
c:\users\gerry\desktop\programming\data_structure\hw3\111701031_黃浚瑀\111701031_黃浚瑀\x64\debug\111701031_黃浚瑀.tlog\cl.command.1.tlog
c:\users\gerry\desktop\programming\data_structure\hw3\111701031_黃浚瑀\111701031_黃浚瑀\x64\debug\111701031_黃浚瑀.tlog\cl.items.tlog
c:\users\gerry\desktop\programming\data_structure\hw3\111701031_黃浚瑀\111701031_黃浚瑀\x64\debug\111701031_黃浚瑀.tlog\cl.read.1.tlog
c:\users\gerry\desktop\programming\data_structure\hw3\111701031_黃浚瑀\111701031_黃浚瑀\x64\debug\111701031_黃浚瑀.tlog\cl.write.1.tlog
c:\users\gerry\desktop\programming\data_structure\hw3\111701031_黃浚瑀\111701031_黃浚瑀\x64\debug\111701031_黃浚瑀.tlog\link.command.1.tlog
c:\users\gerry\desktop\programming\data_structure\hw3\111701031_黃浚瑀\111701031_黃浚瑀\x64\debug\111701031_黃浚瑀.tlog\link.read.1.tlog
c:\users\gerry\desktop\programming\data_structure\hw3\111701031_黃浚瑀\111701031_黃浚瑀\x64\debug\111701031_黃浚瑀.tlog\link.secondary.1.tlog
c:\users\gerry\desktop\programming\data_structure\hw3\111701031_黃浚瑀\111701031_黃浚瑀\x64\debug\111701031_黃浚瑀.tlog\link.write.1.tlog
c:\users\gerry\desktop\programming\data_structure\hw3\111701031_黃浚瑀\111701031_黃浚瑀\x64\debug\111701031_黃浚瑀.tlog\metagen.read.1.tlog
c:\users\gerry\desktop\programming\data_structure\hw3\111701031_黃浚瑀\111701031_黃浚瑀\x64\debug\111701031_黃浚瑀.tlog\metagen.write.1.tlog
c:\users\gerry\desktop\programming\data_structure\hw3\111701031_黃浚瑀\111701031_黃浚瑀\x64\debug\111701031_黃浚瑀.tlog\rc.command.1.tlog
c:\users\gerry\desktop\programming\data_structure\hw3\111701031_黃浚瑀\111701031_黃浚瑀\x64\debug\111701031_黃浚瑀.tlog\rc.read.1.tlog
c:\users\gerry\desktop\programming\data_structure\hw3\111701031_黃浚瑀\111701031_黃浚瑀\x64\debug\111701031_黃浚瑀.tlog\rc.write.1.tlog
c:\users\gerry\desktop\programming\data_structure\hw3\111701031_黃浚瑀\111701031_黃浚瑀\x64\debug\111701031_黃浚瑀.tlog\resgen.command.1.tlog
c:\users\gerry\desktop\programming\data_structure\hw3\111701031_黃浚瑀\111701031_黃浚瑀\x64\debug\111701031_黃浚瑀.tlog\resgen.read.1.tlog
c:\users\gerry\desktop\programming\data_structure\hw3\111701031_黃浚瑀\111701031_黃浚瑀\x64\debug\111701031_黃浚瑀.tlog\resgen.write.1.tlog
