  CppCLR_WinFormsProject.cpp
C:\Users\gerry\Desktop\programming\data_structure\hw5-2\CppCLR_WinFormsProject1\Form1.h(677,15): warning C4244: '正在初始化': 將 '__int64' 轉換為 'int'，由於類型不同，可能導致資料遺失
  (編譯來源檔案 '/CppCLR_WinFormsProject.cpp')
  
C:\Users\gerry\Desktop\programming\data_structure\hw5-2\CppCLR_WinFormsProject1\Form1.h(684,15): warning C4244: '正在初始化': 將 '__int64' 轉換為 'int'，由於類型不同，可能導致資料遺失
  (編譯來源檔案 '/CppCLR_WinFormsProject.cpp')
  
C:\Users\gerry\Desktop\programming\data_structure\hw5-2\CppCLR_WinFormsProject1\Form1.h(691,14): warning C4244: '正在初始化': 將 '__int64' 轉換為 'int'，由於類型不同，可能導致資料遺失
  (編譯來源檔案 '/CppCLR_WinFormsProject.cpp')
  
C:\Users\gerry\Desktop\programming\data_structure\hw5-2\CppCLR_WinFormsProject1\Form1.h(702,15): warning C4244: '正在初始化': 將 '__int64' 轉換為 'int'，由於類型不同，可能導致資料遺失
  (編譯來源檔案 '/CppCLR_WinFormsProject.cpp')
  
C:\Users\gerry\Desktop\programming\data_structure\hw5-2\CppCLR_WinFormsProject1\Form1.h(703,14): warning C4244: '正在初始化': 將 '__int64' 轉換為 'int'，由於類型不同，可能導致資料遺失
  (編譯來源檔案 '/CppCLR_WinFormsProject.cpp')
  
C:\Users\gerry\Desktop\programming\data_structure\hw5-2\CppCLR_WinFormsProject1\Form1.h(715,15): warning C4244: '正在初始化': 將 '__int64' 轉換為 'int'，由於類型不同，可能導致資料遺失
  (編譯來源檔案 '/CppCLR_WinFormsProject.cpp')
  
C:\Users\gerry\Desktop\programming\data_structure\hw5-2\CppCLR_WinFormsProject1\Form1.h(716,14): warning C4244: '正在初始化': 將 '__int64' 轉換為 'int'，由於類型不同，可能導致資料遺失
  (編譯來源檔案 '/CppCLR_WinFormsProject.cpp')
  
C:\Users\gerry\Desktop\programming\data_structure\hw5-2\CppCLR_WinFormsProject1\Form1.h(728,14): warning C4244: '正在初始化': 將 '__int64' 轉換為 'int'，由於類型不同，可能導致資料遺失
  (編譯來源檔案 '/CppCLR_WinFormsProject.cpp')
  
C:\Users\gerry\Desktop\programming\data_structure\hw5-2\CppCLR_WinFormsProject1\Form1.h(740,9): warning C4244: '正在初始化': 將 '__int64' 轉換為 'int'，由於類型不同，可能導致資料遺失
  (編譯來源檔案 '/CppCLR_WinFormsProject.cpp')
  
C:\Users\gerry\Desktop\programming\data_structure\hw5-2\CppCLR_WinFormsProject1\Form1.h(741,13): warning C4244: '正在初始化': 將 '__int64' 轉換為 'int'，由於類型不同，可能導致資料遺失
  (編譯來源檔案 '/CppCLR_WinFormsProject.cpp')
  
C:\Users\gerry\Desktop\programming\data_structure\hw5-2\CppCLR_WinFormsProject1\Form1.h(763,15): warning C4244: '正在初始化': 將 '__int64' 轉換為 'int'，由於類型不同，可能導致資料遺失
  (編譯來源檔案 '/CppCLR_WinFormsProject.cpp')
  
C:\Users\gerry\Desktop\programming\data_structure\hw5-2\CppCLR_WinFormsProject1\Form1.h(780,15): warning C4244: '正在初始化': 將 '__int64' 轉換為 'int'，由於類型不同，可能導致資料遺失
  (編譯來源檔案 '/CppCLR_WinFormsProject.cpp')
  
  AssemblyInfo.obj : 發現 MSIL 模組。MSIL 的累加連結已停用。正在執行完整連結
  CppCLR_WinFormsProject1.vcxproj -> C:\Users\gerry\Desktop\programming\data_structure\hw5-2\CppCLR_WinFormsProject1\x64\Debug\CppCLR_WinFormsProject1.exe
