  CppCLR_WinFormsProject.cpp
C:\Users\gerry\Desktop\programming\data_structure\bonus2\111701031_黃浚瑀\Form1.h(409,9): warning C4244: '正在初始化': 將 '__int64' 轉換為 'int'，由於類型不同，可能導致資料遺失
  (編譯來源檔案 '/CppCLR_WinFormsProject.cpp')
  
C:\Users\gerry\Desktop\programming\data_structure\bonus2\111701031_黃浚瑀\Form1.h(420,14): warning C4244: '引數': 將 'time_t' 轉換為 'unsigned int'，由於類型不同，可能導致資料遺失
  (編譯來源檔案 '/CppCLR_WinFormsProject.cpp')
  
C:\Users\gerry\Desktop\programming\data_structure\bonus2\111701031_黃浚瑀\Form1.h(426,41): warning C4244: '=': 將 '__int64' 轉換為 'int'，由於類型不同，可能導致資料遺失
  (編譯來源檔案 '/CppCLR_WinFormsProject.cpp')
  
C:\Users\gerry\Desktop\programming\data_structure\bonus2\111701031_黃浚瑀\Form1.h(427,41): warning C4244: '=': 將 '__int64' 轉換為 'int'，由於類型不同，可能導致資料遺失
  (編譯來源檔案 '/CppCLR_WinFormsProject.cpp')
  
C:\Users\gerry\Desktop\programming\data_structure\bonus2\111701031_黃浚瑀\Form1.h(551,9): warning C4244: '正在初始化': 將 '__int64' 轉換為 'int'，由於類型不同，可能導致資料遺失
  (編譯來源檔案 '/CppCLR_WinFormsProject.cpp')
  
C:\Users\gerry\Desktop\programming\data_structure\bonus2\111701031_黃浚瑀\Form1.h(562,14): warning C4244: '正在初始化': 將 'int' 轉換為 'float'，由於類型不同，可能導致資料遺失
  (編譯來源檔案 '/CppCLR_WinFormsProject.cpp')
  
C:\Users\gerry\Desktop\programming\data_structure\bonus2\111701031_黃浚瑀\Form1.h(568,37): warning C4244: '引數': 將 'float' 轉換為 'int'，由於類型不同，可能導致資料遺失
  (編譯來源檔案 '/CppCLR_WinFormsProject.cpp')
  
C:\Users\gerry\Desktop\programming\data_structure\bonus2\111701031_黃浚瑀\Form1.h(571,106): warning C4244: '引數': 將 'double' 轉換為 'int'，由於類型不同，可能導致資料遺失
  (編譯來源檔案 '/CppCLR_WinFormsProject.cpp')
  
C:\Users\gerry\Desktop\programming\data_structure\bonus2\111701031_黃浚瑀\Form1.h(571,91): warning C4244: '引數': 將 'double' 轉換為 'int'，由於類型不同，可能導致資料遺失
  (編譯來源檔案 '/CppCLR_WinFormsProject.cpp')
  
  AssemblyInfo.obj : 發現 MSIL 模組。MSIL 的累加連結已停用。正在執行完整連結
  111701031_黃浚瑀.vcxproj -> C:\Users\gerry\Desktop\programming\data_structure\bonus2\111701031_黃浚瑀\x64\Release\111701031_黃浚瑀.exe
